<?xml version="1.0" encoding="UTF-8"?>
<!-- Generated by org.testng.reporters.JUnitReportReporter -->
<testsuite hostname="cartrabbit" failures="0" tests="2" name="test.RunTest" time="7.039" errors="0" timestamp="2025-03-13T12:37:45 IST" skipped="0">
  <testcase classname="test.RunTest" name="login" time="2.570"/>
  <system-out/>
  <testcase classname="test.RunTest" name="upsell" time="4.469"/>
  <system-out/>
</testsuite> <!-- test.RunTest -->
