<?xml version="1.0" encoding="UTF-8"?>
<!-- Generated by org.testng.reporters.JUnitReportReporter -->
<testsuite hostname="cartrabbit" failures="0" tests="1" name="test.RunTest" time="0.897" errors="0" timestamp="2025-03-06T19:20:06 IST" skipped="0">
  <testcase classname="test.RunTest" name="login" time="0.897"/>
  <system-out/>
</testsuite> <!-- test.RunTest -->
